<?xml version="1.0" encoding="UTF-8"?>
<!-- Generated by org.testng.reporters.JUnitReportReporter -->
<testsuite skipped="0" hostname="wwi-nb-30092019-i5" name="matt.tests.BaseTest" tests="1" failures="0" timestamp="2020-05-05T16:59:58 MSK" time="4.545" errors="0">
  <testcase name="browserTest" time="4.545" classname="matt.tests.BaseTest"/>
  <system-out/>
</testsuite> <!-- matt.tests.BaseTest -->
